<?xml version="1.0" encoding="UTF-8"?>
<!-- Generated by org.testng.reporters.JUnitReportReporter -->
<testsuite hostname="suraj-PC" name="core.ADB" tests="1" failures="0" timestamp="24 Jul 2020 06:27:16 GMT" time="0.185" errors="0">
  <testcase name="testlogger" time="0.185" classname="core.ADB"/>
</testsuite> <!-- core.ADB -->
