<?xml version="1.0" encoding="UTF-8"?>
<!-- Generated by org.testng.reporters.JUnitReportReporter -->
<testsuite hostname="suraj-PC" name="core.UiSelector" tests="1" failures="0" timestamp="24 Jul 2020 09:50:39 GMT" time="0.015" errors="0">
  <testcase name="test" time="0.015" classname="core.UiSelector"/>
</testsuite> <!-- core.UiSelector -->
